1621349762 | /index.php | http://mysite2.local/index.php?id=log
1621349764 | /index.php | http://mysite2.local/index.php
1621349765 | /index.php?id=about | http://mysite2.local/index.php
1621349768 | /index.php | http://mysite2.local/index.php?id=about
1621349769 | /index.php?id=gbook | http://mysite2.local/index.php
1621349770 | /index.php?id=log | http://mysite2.local/index.php?id=gbook
1621349771 | /index.php | http://mysite2.local/index.php?id=log
1621349937 | /index.php | http://mysite2.local/index.php?id=log
1621349938 | /index.php?id=log | http://mysite2.local/index.php
1621349983 | /index.php?id=log | http://mysite2.local/index.php
1621350038 | /index.php?id=log | http://mysite2.local/index.php
1621350041 | /index.php?id=log | http://mysite2.local/index.php
1621350042 | /index.php?id=log | http://mysite2.local/index.php
1621350054 | /index.php?id=log | http://mysite2.local/index.php
1621350055 | /index.php?id=log | http://mysite2.local/index.php
1621350056 | /index.php?id=log | http://mysite2.local/index.php
1621350056 | /index.php?id=log | http://mysite2.local/index.php
1621350059 | /index.php | http://mysite2.local/index.php?id=log
1621350060 | /index.php?id=contact | http://mysite2.local/index.php
1621350060 | /index.php?id=about | http://mysite2.local/index.php?id=contact
1621350061 | /index.php?id=info | http://mysite2.local/index.php?id=about
1621350061 | /index.php?id=gbook | http://mysite2.local/index.php?id=info
1621350062 | /index.php?id=log | http://mysite2.local/index.php?id=gbook
